<?xml version="1.0" encoding="utf-8"?><testsuites name="pytest tests"><testsuite name="pytest" errors="0" failures="0" skipped="0" tests="20" time="3.611" timestamp="2026-03-14T07:14:11.751509+00:00" hostname="agent-env-83de9648-ae15-4dc2-a70d-2d265744e7f7"><testcase classname="tests.test_auth_and_endpoints.TestAuth" name="test_01_login_customer_success" time="0.490" /><testcase classname="tests.test_auth_and_endpoints.TestAuth" name="test_02_login_admin_success" time="0.358" /><testcase classname="tests.test_auth_and_endpoints.TestAuth" name="test_03_login_invalid_credentials" time="0.140" /><testcase classname="tests.test_auth_and_endpoints.TestAuth" name="test_04_register_new_user" time="0.371" /><testcase classname="tests.test_auth_and_endpoints.TestAuth" name="test_05_register_duplicate_email" time="0.136" /><testcase classname="tests.test_auth_and_endpoints.TestAuth" name="test_06_auth_me_with_token" time="0.138" /><testcase classname="tests.test_auth_and_endpoints.TestAuth" name="test_07_auth_me_without_token" time="0.103" /><testcase classname="tests.test_auth_and_endpoints.TestCustomerEndpoints" name="test_08_get_promotions_public" time="0.144" /><testcase classname="tests.test_auth_and_endpoints.TestCustomerEndpoints" name="test_09_get_history_authenticated" time="0.102" /><testcase classname="tests.test_auth_and_endpoints.TestCustomerEndpoints" name="test_10_get_my_redemptions" time="0.111" /><testcase classname="tests.test_auth_and_endpoints.TestAdminEndpoints" name="test_11_admin_get_stats" time="0.102" /><testcase classname="tests.test_auth_and_endpoints.TestAdminEndpoints" name="test_12_admin_search_customers" time="0.108" /><testcase classname="tests.test_auth_and_endpoints.TestAdminEndpoints" name="test_13_admin_get_customer_by_id" time="0.144" /><testcase classname="tests.test_auth_and_endpoints.TestAdminEndpoints" name="test_14_admin_add_points_and_verify" time="0.259" /><testcase classname="tests.test_auth_and_endpoints.TestAdminEndpoints" name="test_15_admin_create_promotion_and_verify" time="0.161" /><testcase classname="tests.test_auth_and_endpoints.TestAdminEndpoints" name="test_16_admin_update_promotion_and_verify" time="0.169" /><testcase classname="tests.test_auth_and_endpoints.TestAdminEndpoints" name="test_17_admin_get_pending_redemptions" time="0.145" /><testcase classname="tests.test_auth_and_endpoints.TestAdminEndpoints" name="test_18_admin_get_activity" time="0.103" /><testcase classname="tests.test_auth_and_endpoints.TestAdminEndpoints" name="test_19_admin_delete_promotion_and_verify" time="0.158" /><testcase classname="tests.test_auth_and_endpoints.TestAdminEndpoints" name="test_20_customer_cannot_access_admin_endpoints" time="0.106" /></testsuite></testsuites>